Terminals unused in grammar

   '-'
   '+'
   '*'
   '%'
   '('
   ')'
   '{'
   '['
   ']'
   '$'
   '}'
   '\\'


Rules useless in parser due to conflicts

   54 operand: valeur


State 32 conflicts: 1 shift/reduce
State 101 conflicts: 6 reduce/reduce
State 102 conflicts: 1 shift/reduce
State 105 conflicts: 5 reduce/reduce
State 136 conflicts: 5 shift/reduce
State 146 conflicts: 4 shift/reduce


Grammar

    0 $accept: algorithme $end

    1 algorithme: DEBUTALGO func_part ENDALGO

    2 func_part: declaration_list FINDESCRIPTION suite_description

    3 declaration_list: constant_list input_list output_list global_list local_list

    4 constant_list: CONSTANT constantbis

    5 constantbis: declaration
    6            | ACCOUVRE DOLLAR EMPTYSET DOLLAR ACCFERME

    7 input_list: INPUT inputbis

    8 inputbis: declaration
    9         | ACCOUVRE DOLLAR EMPTYSET DOLLAR ACCFERME

   10 output_list: OUTPUT outputbis

   11 outputbis: declaration
   12          | ACCOUVRE DOLLAR EMPTYSET DOLLAR ACCFERME

   13 global_list: GLOBAL globalbis

   14 globalbis: declaration
   15          | ACCOUVRE DOLLAR EMPTYSET DOLLAR ACCFERME

   16 local_list: LOCAL localbis

   17 localbis: declaration
   18         | ACCOUVRE DOLLAR EMPTYSET DOLLAR ACCFERME

   19 declaration: ACCOUVRE DOLLAR suite_declaration DOLLAR ACCFERME

   20 suite_declaration: /* empty */
   21                  | declaration ',' suite_description
   22                  | declaration

   23 declaration: declaration_val
   24            | declaration_cons

   25 declaration_val: SCALAIRE type_scalaire

   26 type_scalaire: ENTIER PUISS ACCOUVRE ENTIER ACCFERME
   27              | FLOAT PUISS ACCOUVRE ENTIER ACCFERME
   28              | BOOL PUISS ACCOUVRE ENTIER ACCFERME

   29 declaration_cons: IDENTIFIANT EGALE valeur IN type_scalaire

   30 suite_description: structure_controle suite_desc
   31                  | DOLLAR instruction DOLLAR FININSTRUCTION suite_desc

   32 suite_desc: suite_description
   33           | /* empty */

   34 structure_controle: WHILE ACCOUVRE expr_bool ACCFERME ACCOUVRE suite_description ACCFERME
   35                   | FOR ACCOUVRE DOLLAR affectation KWTO DOLLAR ENTIER DOLLAR ACCFERME ACCOUVRE suite_description ACCFERME
   36                   | REPEAT ACCOUVRE expr_bool ACCFERME ACCOUVRE suite_description ACCFERME
   37                   | IF ACCOUVRE expr_bool ACCFERME ACCOUVRE suite_description ACCFERME
   38                   | EIF ACCOUVRE expr_bool ACCFERME ACCOUVRE suite_description ACCFERME

   39 affectation: IDENTIFIANT LEFTARROW valeur

   40 expr_bool: operand_bool bool_op operand_bool
   41          | NOT expr_bool

   42 operand_bool: IDENTIFIANT
   43             | valeur
   44             | expr_bool

   45 bool_op: OU
   46        | ET
   47        | GRANDEGALE
   48        | PETITEGALE
   49        | DIFFERENT

   50 instruction: IDENTIFIANT LEFTARROW expression

   51 expression: valeur
   52           | operand operateur operand
   53           | APPEL ACCOUVRE IDENTIFIANT PAROUVRE expression PARFERME ACCFERME

   54 operand: valeur
   55        | IDENTIFIANT
   56        | expression

   57 operateur: MULT
   58          | PLUS
   59          | MOINS
   60          | PUISS

   61 valeur: BOOL
   62       | FLOAT
   63       | ENTIER


Terminals, with rules where they appear

$end (0) 0
'$' (36)
'%' (37)
'(' (40)
')' (41)
'*' (42)
'+' (43)
',' (44) 21
'-' (45)
'[' (91)
'\\' (92)
']' (93)
'{' (123)
'}' (125)
error (256)
DEBUTALGO (258) 1
ENDALGO (259) 1
FINDESCRIPTION (260) 2
FININSTRUCTION (261) 31
ACCOUVRE (262) 6 9 12 15 18 19 26 27 28 34 35 36 37 38 53
ACCFERME (263) 6 9 12 15 18 19 26 27 28 34 35 36 37 38 53
PAROUVRE (264) 53
PARFERME (265) 53
EMPTYSET (266) 6 9 12 15 18
CONSTANT (267) 4
INPUT (268) 7
OUTPUT (269) 10
GLOBAL (270) 13
LOCAL (271) 16
SCALAIRE (272) 25
BOOL (273) 28 61
FLOAT (274) 27 62
ENTIER (275) 26 27 28 35 63
PUISS (276) 26 27 28 60
MULT (277) 57
PLUS (278) 58
MOINS (279) 59
IDENTIFIANT (280) 29 39 42 50 53 55
OU (281) 45
ET (282) 46
GRANDEGALE (283) 47
PETITEGALE (284) 48
DIFFERENT (285) 49
LEFTARROW (286) 39 50
APPEL (287) 53
EGALE (288) 29
DOLLAR (289) 6 9 12 15 18 19 31 35
FOR (290) 35
WHILE (291) 34
REPEAT (292) 36
IF (293) 37
EIF (294) 38
NOT (295) 41
IN (296) 29
KWTO (297) 35


Nonterminals, with rules where they appear

$accept (56)
    on left: 0
algorithme (57)
    on left: 1, on right: 0
func_part (58)
    on left: 2, on right: 1
declaration_list (59)
    on left: 3, on right: 2
constant_list (60)
    on left: 4, on right: 3
constantbis (61)
    on left: 5 6, on right: 4
input_list (62)
    on left: 7, on right: 3
inputbis (63)
    on left: 8 9, on right: 7
output_list (64)
    on left: 10, on right: 3
outputbis (65)
    on left: 11 12, on right: 10
global_list (66)
    on left: 13, on right: 3
globalbis (67)
    on left: 14 15, on right: 13
local_list (68)
    on left: 16, on right: 3
localbis (69)
    on left: 17 18, on right: 16
declaration (70)
    on left: 19 23 24, on right: 5 8 11 14 17 21 22
suite_declaration (71)
    on left: 20 21 22, on right: 19
declaration_val (72)
    on left: 25, on right: 23
type_scalaire (73)
    on left: 26 27 28, on right: 25 29
declaration_cons (74)
    on left: 29, on right: 24
suite_description (75)
    on left: 30 31, on right: 2 21 32 34 35 36 37 38
suite_desc (76)
    on left: 32 33, on right: 30 31
structure_controle (77)
    on left: 34 35 36 37 38, on right: 30
affectation (78)
    on left: 39, on right: 35
expr_bool (79)
    on left: 40 41, on right: 34 36 37 38 41 44
operand_bool (80)
    on left: 42 43 44, on right: 40
bool_op (81)
    on left: 45 46 47 48 49, on right: 40
instruction (82)
    on left: 50, on right: 31
expression (83)
    on left: 51 52 53, on right: 50 53 56
operand (84)
    on left: 54 55 56, on right: 52
operateur (85)
    on left: 57 58 59 60, on right: 52
valeur (86)
    on left: 61 62 63, on right: 29 39 43 51 54


state 0

    0 $accept: . algorithme $end

    DEBUTALGO  shift, and go to state 1

    algorithme  go to state 2


state 1

    1 algorithme: DEBUTALGO . func_part ENDALGO

    CONSTANT  shift, and go to state 3

    func_part         go to state 4
    declaration_list  go to state 5
    constant_list     go to state 6


state 2

    0 $accept: algorithme . $end

    $end  shift, and go to state 7


state 3

    4 constant_list: CONSTANT . constantbis

    ACCOUVRE     shift, and go to state 8
    SCALAIRE     shift, and go to state 9
    IDENTIFIANT  shift, and go to state 10

    constantbis       go to state 11
    declaration       go to state 12
    declaration_val   go to state 13
    declaration_cons  go to state 14


state 4

    1 algorithme: DEBUTALGO func_part . ENDALGO

    ENDALGO  shift, and go to state 15


state 5

    2 func_part: declaration_list . FINDESCRIPTION suite_description

    FINDESCRIPTION  shift, and go to state 16


state 6

    3 declaration_list: constant_list . input_list output_list global_list local_list

    INPUT  shift, and go to state 17

    input_list  go to state 18


state 7

    0 $accept: algorithme $end .

    $default  accept


state 8

    6 constantbis: ACCOUVRE . DOLLAR EMPTYSET DOLLAR ACCFERME
   19 declaration: ACCOUVRE . DOLLAR suite_declaration DOLLAR ACCFERME

    DOLLAR  shift, and go to state 19


state 9

   25 declaration_val: SCALAIRE . type_scalaire

    BOOL    shift, and go to state 20
    FLOAT   shift, and go to state 21
    ENTIER  shift, and go to state 22

    type_scalaire  go to state 23


state 10

   29 declaration_cons: IDENTIFIANT . EGALE valeur IN type_scalaire

    EGALE  shift, and go to state 24


state 11

    4 constant_list: CONSTANT constantbis .

    $default  reduce using rule 4 (constant_list)


state 12

    5 constantbis: declaration .

    $default  reduce using rule 5 (constantbis)


state 13

   23 declaration: declaration_val .

    $default  reduce using rule 23 (declaration)


state 14

   24 declaration: declaration_cons .

    $default  reduce using rule 24 (declaration)


state 15

    1 algorithme: DEBUTALGO func_part ENDALGO .

    $default  reduce using rule 1 (algorithme)


state 16

    2 func_part: declaration_list FINDESCRIPTION . suite_description

    DOLLAR  shift, and go to state 25
    FOR     shift, and go to state 26
    WHILE   shift, and go to state 27
    REPEAT  shift, and go to state 28
    IF      shift, and go to state 29
    EIF     shift, and go to state 30

    suite_description   go to state 31
    structure_controle  go to state 32


state 17

    7 input_list: INPUT . inputbis

    ACCOUVRE     shift, and go to state 33
    SCALAIRE     shift, and go to state 9
    IDENTIFIANT  shift, and go to state 10

    inputbis          go to state 34
    declaration       go to state 35
    declaration_val   go to state 13
    declaration_cons  go to state 14


state 18

    3 declaration_list: constant_list input_list . output_list global_list local_list

    OUTPUT  shift, and go to state 36

    output_list  go to state 37


state 19

    6 constantbis: ACCOUVRE DOLLAR . EMPTYSET DOLLAR ACCFERME
   19 declaration: ACCOUVRE DOLLAR . suite_declaration DOLLAR ACCFERME

    ACCOUVRE     shift, and go to state 38
    EMPTYSET     shift, and go to state 39
    SCALAIRE     shift, and go to state 9
    IDENTIFIANT  shift, and go to state 10

    $default  reduce using rule 20 (suite_declaration)

    declaration        go to state 40
    suite_declaration  go to state 41
    declaration_val    go to state 13
    declaration_cons   go to state 14


state 20

   28 type_scalaire: BOOL . PUISS ACCOUVRE ENTIER ACCFERME

    PUISS  shift, and go to state 42


state 21

   27 type_scalaire: FLOAT . PUISS ACCOUVRE ENTIER ACCFERME

    PUISS  shift, and go to state 43


state 22

   26 type_scalaire: ENTIER . PUISS ACCOUVRE ENTIER ACCFERME

    PUISS  shift, and go to state 44


state 23

   25 declaration_val: SCALAIRE type_scalaire .

    $default  reduce using rule 25 (declaration_val)


state 24

   29 declaration_cons: IDENTIFIANT EGALE . valeur IN type_scalaire

    BOOL    shift, and go to state 45
    FLOAT   shift, and go to state 46
    ENTIER  shift, and go to state 47

    valeur  go to state 48


state 25

   31 suite_description: DOLLAR . instruction DOLLAR FININSTRUCTION suite_desc

    IDENTIFIANT  shift, and go to state 49

    instruction  go to state 50


state 26

   35 structure_controle: FOR . ACCOUVRE DOLLAR affectation KWTO DOLLAR ENTIER DOLLAR ACCFERME ACCOUVRE suite_description ACCFERME

    ACCOUVRE  shift, and go to state 51


state 27

   34 structure_controle: WHILE . ACCOUVRE expr_bool ACCFERME ACCOUVRE suite_description ACCFERME

    ACCOUVRE  shift, and go to state 52


state 28

   36 structure_controle: REPEAT . ACCOUVRE expr_bool ACCFERME ACCOUVRE suite_description ACCFERME

    ACCOUVRE  shift, and go to state 53


state 29

   37 structure_controle: IF . ACCOUVRE expr_bool ACCFERME ACCOUVRE suite_description ACCFERME

    ACCOUVRE  shift, and go to state 54


state 30

   38 structure_controle: EIF . ACCOUVRE expr_bool ACCFERME ACCOUVRE suite_description ACCFERME

    ACCOUVRE  shift, and go to state 55


state 31

    2 func_part: declaration_list FINDESCRIPTION suite_description .

    $default  reduce using rule 2 (func_part)


state 32

   30 suite_description: structure_controle . suite_desc

    DOLLAR  shift, and go to state 25
    FOR     shift, and go to state 26
    WHILE   shift, and go to state 27
    REPEAT  shift, and go to state 28
    IF      shift, and go to state 29
    EIF     shift, and go to state 30

    DOLLAR    [reduce using rule 33 (suite_desc)]
    $default  reduce using rule 33 (suite_desc)

    suite_description   go to state 56
    suite_desc          go to state 57
    structure_controle  go to state 32


state 33

    9 inputbis: ACCOUVRE . DOLLAR EMPTYSET DOLLAR ACCFERME
   19 declaration: ACCOUVRE . DOLLAR suite_declaration DOLLAR ACCFERME

    DOLLAR  shift, and go to state 58


state 34

    7 input_list: INPUT inputbis .

    $default  reduce using rule 7 (input_list)


state 35

    8 inputbis: declaration .

    $default  reduce using rule 8 (inputbis)


state 36

   10 output_list: OUTPUT . outputbis

    ACCOUVRE     shift, and go to state 59
    SCALAIRE     shift, and go to state 9
    IDENTIFIANT  shift, and go to state 10

    outputbis         go to state 60
    declaration       go to state 61
    declaration_val   go to state 13
    declaration_cons  go to state 14


state 37

    3 declaration_list: constant_list input_list output_list . global_list local_list

    GLOBAL  shift, and go to state 62

    global_list  go to state 63


state 38

   19 declaration: ACCOUVRE . DOLLAR suite_declaration DOLLAR ACCFERME

    DOLLAR  shift, and go to state 64


state 39

    6 constantbis: ACCOUVRE DOLLAR EMPTYSET . DOLLAR ACCFERME

    DOLLAR  shift, and go to state 65


state 40

   21 suite_declaration: declaration . ',' suite_description
   22                  | declaration .

    ','  shift, and go to state 66

    $default  reduce using rule 22 (suite_declaration)


state 41

   19 declaration: ACCOUVRE DOLLAR suite_declaration . DOLLAR ACCFERME

    DOLLAR  shift, and go to state 67


state 42

   28 type_scalaire: BOOL PUISS . ACCOUVRE ENTIER ACCFERME

    ACCOUVRE  shift, and go to state 68


state 43

   27 type_scalaire: FLOAT PUISS . ACCOUVRE ENTIER ACCFERME

    ACCOUVRE  shift, and go to state 69


state 44

   26 type_scalaire: ENTIER PUISS . ACCOUVRE ENTIER ACCFERME

    ACCOUVRE  shift, and go to state 70


state 45

   61 valeur: BOOL .

    $default  reduce using rule 61 (valeur)


state 46

   62 valeur: FLOAT .

    $default  reduce using rule 62 (valeur)


state 47

   63 valeur: ENTIER .

    $default  reduce using rule 63 (valeur)


state 48

   29 declaration_cons: IDENTIFIANT EGALE valeur . IN type_scalaire

    IN  shift, and go to state 71


state 49

   50 instruction: IDENTIFIANT . LEFTARROW expression

    LEFTARROW  shift, and go to state 72


state 50

   31 suite_description: DOLLAR instruction . DOLLAR FININSTRUCTION suite_desc

    DOLLAR  shift, and go to state 73


state 51

   35 structure_controle: FOR ACCOUVRE . DOLLAR affectation KWTO DOLLAR ENTIER DOLLAR ACCFERME ACCOUVRE suite_description ACCFERME

    DOLLAR  shift, and go to state 74


state 52

   34 structure_controle: WHILE ACCOUVRE . expr_bool ACCFERME ACCOUVRE suite_description ACCFERME

    BOOL         shift, and go to state 45
    FLOAT        shift, and go to state 46
    ENTIER       shift, and go to state 47
    IDENTIFIANT  shift, and go to state 75
    NOT          shift, and go to state 76

    expr_bool     go to state 77
    operand_bool  go to state 78
    valeur        go to state 79


state 53

   36 structure_controle: REPEAT ACCOUVRE . expr_bool ACCFERME ACCOUVRE suite_description ACCFERME

    BOOL         shift, and go to state 45
    FLOAT        shift, and go to state 46
    ENTIER       shift, and go to state 47
    IDENTIFIANT  shift, and go to state 75
    NOT          shift, and go to state 76

    expr_bool     go to state 80
    operand_bool  go to state 78
    valeur        go to state 79


state 54

   37 structure_controle: IF ACCOUVRE . expr_bool ACCFERME ACCOUVRE suite_description ACCFERME

    BOOL         shift, and go to state 45
    FLOAT        shift, and go to state 46
    ENTIER       shift, and go to state 47
    IDENTIFIANT  shift, and go to state 75
    NOT          shift, and go to state 76

    expr_bool     go to state 81
    operand_bool  go to state 78
    valeur        go to state 79


state 55

   38 structure_controle: EIF ACCOUVRE . expr_bool ACCFERME ACCOUVRE suite_description ACCFERME

    BOOL         shift, and go to state 45
    FLOAT        shift, and go to state 46
    ENTIER       shift, and go to state 47
    IDENTIFIANT  shift, and go to state 75
    NOT          shift, and go to state 76

    expr_bool     go to state 82
    operand_bool  go to state 78
    valeur        go to state 79


state 56

   32 suite_desc: suite_description .

    $default  reduce using rule 32 (suite_desc)


state 57

   30 suite_description: structure_controle suite_desc .

    $default  reduce using rule 30 (suite_description)


state 58

    9 inputbis: ACCOUVRE DOLLAR . EMPTYSET DOLLAR ACCFERME
   19 declaration: ACCOUVRE DOLLAR . suite_declaration DOLLAR ACCFERME

    ACCOUVRE     shift, and go to state 38
    EMPTYSET     shift, and go to state 83
    SCALAIRE     shift, and go to state 9
    IDENTIFIANT  shift, and go to state 10

    $default  reduce using rule 20 (suite_declaration)

    declaration        go to state 40
    suite_declaration  go to state 41
    declaration_val    go to state 13
    declaration_cons   go to state 14


state 59

   12 outputbis: ACCOUVRE . DOLLAR EMPTYSET DOLLAR ACCFERME
   19 declaration: ACCOUVRE . DOLLAR suite_declaration DOLLAR ACCFERME

    DOLLAR  shift, and go to state 84


state 60

   10 output_list: OUTPUT outputbis .

    $default  reduce using rule 10 (output_list)


state 61

   11 outputbis: declaration .

    $default  reduce using rule 11 (outputbis)


state 62

   13 global_list: GLOBAL . globalbis

    ACCOUVRE     shift, and go to state 85
    SCALAIRE     shift, and go to state 9
    IDENTIFIANT  shift, and go to state 10

    globalbis         go to state 86
    declaration       go to state 87
    declaration_val   go to state 13
    declaration_cons  go to state 14


state 63

    3 declaration_list: constant_list input_list output_list global_list . local_list

    LOCAL  shift, and go to state 88

    local_list  go to state 89


state 64

   19 declaration: ACCOUVRE DOLLAR . suite_declaration DOLLAR ACCFERME

    ACCOUVRE     shift, and go to state 38
    SCALAIRE     shift, and go to state 9
    IDENTIFIANT  shift, and go to state 10

    $default  reduce using rule 20 (suite_declaration)

    declaration        go to state 40
    suite_declaration  go to state 41
    declaration_val    go to state 13
    declaration_cons   go to state 14


state 65

    6 constantbis: ACCOUVRE DOLLAR EMPTYSET DOLLAR . ACCFERME

    ACCFERME  shift, and go to state 90


state 66

   21 suite_declaration: declaration ',' . suite_description

    DOLLAR  shift, and go to state 25
    FOR     shift, and go to state 26
    WHILE   shift, and go to state 27
    REPEAT  shift, and go to state 28
    IF      shift, and go to state 29
    EIF     shift, and go to state 30

    suite_description   go to state 91
    structure_controle  go to state 32


state 67

   19 declaration: ACCOUVRE DOLLAR suite_declaration DOLLAR . ACCFERME

    ACCFERME  shift, and go to state 92


state 68

   28 type_scalaire: BOOL PUISS ACCOUVRE . ENTIER ACCFERME

    ENTIER  shift, and go to state 93


state 69

   27 type_scalaire: FLOAT PUISS ACCOUVRE . ENTIER ACCFERME

    ENTIER  shift, and go to state 94


state 70

   26 type_scalaire: ENTIER PUISS ACCOUVRE . ENTIER ACCFERME

    ENTIER  shift, and go to state 95


state 71

   29 declaration_cons: IDENTIFIANT EGALE valeur IN . type_scalaire

    BOOL    shift, and go to state 20
    FLOAT   shift, and go to state 21
    ENTIER  shift, and go to state 22

    type_scalaire  go to state 96


state 72

   50 instruction: IDENTIFIANT LEFTARROW . expression

    BOOL         shift, and go to state 45
    FLOAT        shift, and go to state 46
    ENTIER       shift, and go to state 47
    IDENTIFIANT  shift, and go to state 97
    APPEL        shift, and go to state 98

    expression  go to state 99
    operand     go to state 100
    valeur      go to state 101


state 73

   31 suite_description: DOLLAR instruction DOLLAR . FININSTRUCTION suite_desc

    FININSTRUCTION  shift, and go to state 102


state 74

   35 structure_controle: FOR ACCOUVRE DOLLAR . affectation KWTO DOLLAR ENTIER DOLLAR ACCFERME ACCOUVRE suite_description ACCFERME

    IDENTIFIANT  shift, and go to state 103

    affectation  go to state 104


state 75

   42 operand_bool: IDENTIFIANT .

    $default  reduce using rule 42 (operand_bool)


state 76

   41 expr_bool: NOT . expr_bool

    BOOL         shift, and go to state 45
    FLOAT        shift, and go to state 46
    ENTIER       shift, and go to state 47
    IDENTIFIANT  shift, and go to state 75
    NOT          shift, and go to state 76

    expr_bool     go to state 105
    operand_bool  go to state 78
    valeur        go to state 79


state 77

   34 structure_controle: WHILE ACCOUVRE expr_bool . ACCFERME ACCOUVRE suite_description ACCFERME
   44 operand_bool: expr_bool .

    ACCFERME  shift, and go to state 106

    $default  reduce using rule 44 (operand_bool)


state 78

   40 expr_bool: operand_bool . bool_op operand_bool

    OU          shift, and go to state 107
    ET          shift, and go to state 108
    GRANDEGALE  shift, and go to state 109
    PETITEGALE  shift, and go to state 110
    DIFFERENT   shift, and go to state 111

    bool_op  go to state 112


state 79

   43 operand_bool: valeur .

    $default  reduce using rule 43 (operand_bool)


state 80

   36 structure_controle: REPEAT ACCOUVRE expr_bool . ACCFERME ACCOUVRE suite_description ACCFERME
   44 operand_bool: expr_bool .

    ACCFERME  shift, and go to state 113

    $default  reduce using rule 44 (operand_bool)


state 81

   37 structure_controle: IF ACCOUVRE expr_bool . ACCFERME ACCOUVRE suite_description ACCFERME
   44 operand_bool: expr_bool .

    ACCFERME  shift, and go to state 114

    $default  reduce using rule 44 (operand_bool)


state 82

   38 structure_controle: EIF ACCOUVRE expr_bool . ACCFERME ACCOUVRE suite_description ACCFERME
   44 operand_bool: expr_bool .

    ACCFERME  shift, and go to state 115

    $default  reduce using rule 44 (operand_bool)


state 83

    9 inputbis: ACCOUVRE DOLLAR EMPTYSET . DOLLAR ACCFERME

    DOLLAR  shift, and go to state 116


state 84

   12 outputbis: ACCOUVRE DOLLAR . EMPTYSET DOLLAR ACCFERME
   19 declaration: ACCOUVRE DOLLAR . suite_declaration DOLLAR ACCFERME

    ACCOUVRE     shift, and go to state 38
    EMPTYSET     shift, and go to state 117
    SCALAIRE     shift, and go to state 9
    IDENTIFIANT  shift, and go to state 10

    $default  reduce using rule 20 (suite_declaration)

    declaration        go to state 40
    suite_declaration  go to state 41
    declaration_val    go to state 13
    declaration_cons   go to state 14


state 85

   15 globalbis: ACCOUVRE . DOLLAR EMPTYSET DOLLAR ACCFERME
   19 declaration: ACCOUVRE . DOLLAR suite_declaration DOLLAR ACCFERME

    DOLLAR  shift, and go to state 118


state 86

   13 global_list: GLOBAL globalbis .

    $default  reduce using rule 13 (global_list)


state 87

   14 globalbis: declaration .

    $default  reduce using rule 14 (globalbis)


state 88

   16 local_list: LOCAL . localbis

    ACCOUVRE     shift, and go to state 119
    SCALAIRE     shift, and go to state 9
    IDENTIFIANT  shift, and go to state 10

    localbis          go to state 120
    declaration       go to state 121
    declaration_val   go to state 13
    declaration_cons  go to state 14


state 89

    3 declaration_list: constant_list input_list output_list global_list local_list .

    $default  reduce using rule 3 (declaration_list)


state 90

    6 constantbis: ACCOUVRE DOLLAR EMPTYSET DOLLAR ACCFERME .

    $default  reduce using rule 6 (constantbis)


state 91

   21 suite_declaration: declaration ',' suite_description .

    $default  reduce using rule 21 (suite_declaration)


state 92

   19 declaration: ACCOUVRE DOLLAR suite_declaration DOLLAR ACCFERME .

    $default  reduce using rule 19 (declaration)


state 93

   28 type_scalaire: BOOL PUISS ACCOUVRE ENTIER . ACCFERME

    ACCFERME  shift, and go to state 122


state 94

   27 type_scalaire: FLOAT PUISS ACCOUVRE ENTIER . ACCFERME

    ACCFERME  shift, and go to state 123


state 95

   26 type_scalaire: ENTIER PUISS ACCOUVRE ENTIER . ACCFERME

    ACCFERME  shift, and go to state 124


state 96

   29 declaration_cons: IDENTIFIANT EGALE valeur IN type_scalaire .

    $default  reduce using rule 29 (declaration_cons)


state 97

   55 operand: IDENTIFIANT .

    $default  reduce using rule 55 (operand)


state 98

   53 expression: APPEL . ACCOUVRE IDENTIFIANT PAROUVRE expression PARFERME ACCFERME

    ACCOUVRE  shift, and go to state 125


state 99

   50 instruction: IDENTIFIANT LEFTARROW expression .
   56 operand: expression .

    DOLLAR    reduce using rule 50 (instruction)
    $default  reduce using rule 56 (operand)


state 100

   52 expression: operand . operateur operand

    PUISS  shift, and go to state 126
    MULT   shift, and go to state 127
    PLUS   shift, and go to state 128
    MOINS  shift, and go to state 129

    operateur  go to state 130


state 101

   51 expression: valeur .
   54 operand: valeur .

    PARFERME  reduce using rule 51 (expression)
    PARFERME  [reduce using rule 54 (operand)]
    PUISS     reduce using rule 51 (expression)
    PUISS     [reduce using rule 54 (operand)]
    MULT      reduce using rule 51 (expression)
    MULT      [reduce using rule 54 (operand)]
    PLUS      reduce using rule 51 (expression)
    PLUS      [reduce using rule 54 (operand)]
    MOINS     reduce using rule 51 (expression)
    MOINS     [reduce using rule 54 (operand)]
    DOLLAR    reduce using rule 51 (expression)
    DOLLAR    [reduce using rule 54 (operand)]
    $default  reduce using rule 51 (expression)


state 102

   31 suite_description: DOLLAR instruction DOLLAR FININSTRUCTION . suite_desc

    DOLLAR  shift, and go to state 25
    FOR     shift, and go to state 26
    WHILE   shift, and go to state 27
    REPEAT  shift, and go to state 28
    IF      shift, and go to state 29
    EIF     shift, and go to state 30

    DOLLAR    [reduce using rule 33 (suite_desc)]
    $default  reduce using rule 33 (suite_desc)

    suite_description   go to state 56
    suite_desc          go to state 131
    structure_controle  go to state 32


state 103

   39 affectation: IDENTIFIANT . LEFTARROW valeur

    LEFTARROW  shift, and go to state 132


state 104

   35 structure_controle: FOR ACCOUVRE DOLLAR affectation . KWTO DOLLAR ENTIER DOLLAR ACCFERME ACCOUVRE suite_description ACCFERME

    KWTO  shift, and go to state 133


state 105

   41 expr_bool: NOT expr_bool .
   44 operand_bool: expr_bool .

    OU          reduce using rule 41 (expr_bool)
    OU          [reduce using rule 44 (operand_bool)]
    ET          reduce using rule 41 (expr_bool)
    ET          [reduce using rule 44 (operand_bool)]
    GRANDEGALE  reduce using rule 41 (expr_bool)
    GRANDEGALE  [reduce using rule 44 (operand_bool)]
    PETITEGALE  reduce using rule 41 (expr_bool)
    PETITEGALE  [reduce using rule 44 (operand_bool)]
    DIFFERENT   reduce using rule 41 (expr_bool)
    DIFFERENT   [reduce using rule 44 (operand_bool)]
    $default    reduce using rule 41 (expr_bool)


state 106

   34 structure_controle: WHILE ACCOUVRE expr_bool ACCFERME . ACCOUVRE suite_description ACCFERME

    ACCOUVRE  shift, and go to state 134


state 107

   45 bool_op: OU .

    $default  reduce using rule 45 (bool_op)


state 108

   46 bool_op: ET .

    $default  reduce using rule 46 (bool_op)


state 109

   47 bool_op: GRANDEGALE .

    $default  reduce using rule 47 (bool_op)


state 110

   48 bool_op: PETITEGALE .

    $default  reduce using rule 48 (bool_op)


state 111

   49 bool_op: DIFFERENT .

    $default  reduce using rule 49 (bool_op)


state 112

   40 expr_bool: operand_bool bool_op . operand_bool

    BOOL         shift, and go to state 45
    FLOAT        shift, and go to state 46
    ENTIER       shift, and go to state 47
    IDENTIFIANT  shift, and go to state 75
    NOT          shift, and go to state 76

    expr_bool     go to state 135
    operand_bool  go to state 136
    valeur        go to state 79


state 113

   36 structure_controle: REPEAT ACCOUVRE expr_bool ACCFERME . ACCOUVRE suite_description ACCFERME

    ACCOUVRE  shift, and go to state 137


state 114

   37 structure_controle: IF ACCOUVRE expr_bool ACCFERME . ACCOUVRE suite_description ACCFERME

    ACCOUVRE  shift, and go to state 138


state 115

   38 structure_controle: EIF ACCOUVRE expr_bool ACCFERME . ACCOUVRE suite_description ACCFERME

    ACCOUVRE  shift, and go to state 139


state 116

    9 inputbis: ACCOUVRE DOLLAR EMPTYSET DOLLAR . ACCFERME

    ACCFERME  shift, and go to state 140


state 117

   12 outputbis: ACCOUVRE DOLLAR EMPTYSET . DOLLAR ACCFERME

    DOLLAR  shift, and go to state 141


state 118

   15 globalbis: ACCOUVRE DOLLAR . EMPTYSET DOLLAR ACCFERME
   19 declaration: ACCOUVRE DOLLAR . suite_declaration DOLLAR ACCFERME

    ACCOUVRE     shift, and go to state 38
    EMPTYSET     shift, and go to state 142
    SCALAIRE     shift, and go to state 9
    IDENTIFIANT  shift, and go to state 10

    $default  reduce using rule 20 (suite_declaration)

    declaration        go to state 40
    suite_declaration  go to state 41
    declaration_val    go to state 13
    declaration_cons   go to state 14


state 119

   18 localbis: ACCOUVRE . DOLLAR EMPTYSET DOLLAR ACCFERME
   19 declaration: ACCOUVRE . DOLLAR suite_declaration DOLLAR ACCFERME

    DOLLAR  shift, and go to state 143


state 120

   16 local_list: LOCAL localbis .

    $default  reduce using rule 16 (local_list)


state 121

   17 localbis: declaration .

    $default  reduce using rule 17 (localbis)


state 122

   28 type_scalaire: BOOL PUISS ACCOUVRE ENTIER ACCFERME .

    $default  reduce using rule 28 (type_scalaire)


state 123

   27 type_scalaire: FLOAT PUISS ACCOUVRE ENTIER ACCFERME .

    $default  reduce using rule 27 (type_scalaire)


state 124

   26 type_scalaire: ENTIER PUISS ACCOUVRE ENTIER ACCFERME .

    $default  reduce using rule 26 (type_scalaire)


state 125

   53 expression: APPEL ACCOUVRE . IDENTIFIANT PAROUVRE expression PARFERME ACCFERME

    IDENTIFIANT  shift, and go to state 144


state 126

   60 operateur: PUISS .

    $default  reduce using rule 60 (operateur)


state 127

   57 operateur: MULT .

    $default  reduce using rule 57 (operateur)


state 128

   58 operateur: PLUS .

    $default  reduce using rule 58 (operateur)


state 129

   59 operateur: MOINS .

    $default  reduce using rule 59 (operateur)


state 130

   52 expression: operand operateur . operand

    BOOL         shift, and go to state 45
    FLOAT        shift, and go to state 46
    ENTIER       shift, and go to state 47
    IDENTIFIANT  shift, and go to state 97
    APPEL        shift, and go to state 98

    expression  go to state 145
    operand     go to state 146
    valeur      go to state 101


state 131

   31 suite_description: DOLLAR instruction DOLLAR FININSTRUCTION suite_desc .

    $default  reduce using rule 31 (suite_description)


state 132

   39 affectation: IDENTIFIANT LEFTARROW . valeur

    BOOL    shift, and go to state 45
    FLOAT   shift, and go to state 46
    ENTIER  shift, and go to state 47

    valeur  go to state 147


state 133

   35 structure_controle: FOR ACCOUVRE DOLLAR affectation KWTO . DOLLAR ENTIER DOLLAR ACCFERME ACCOUVRE suite_description ACCFERME

    DOLLAR  shift, and go to state 148


state 134

   34 structure_controle: WHILE ACCOUVRE expr_bool ACCFERME ACCOUVRE . suite_description ACCFERME

    DOLLAR  shift, and go to state 25
    FOR     shift, and go to state 26
    WHILE   shift, and go to state 27
    REPEAT  shift, and go to state 28
    IF      shift, and go to state 29
    EIF     shift, and go to state 30

    suite_description   go to state 149
    structure_controle  go to state 32


state 135

   44 operand_bool: expr_bool .

    $default  reduce using rule 44 (operand_bool)


state 136

   40 expr_bool: operand_bool . bool_op operand_bool
   40          | operand_bool bool_op operand_bool .

    OU          shift, and go to state 107
    ET          shift, and go to state 108
    GRANDEGALE  shift, and go to state 109
    PETITEGALE  shift, and go to state 110
    DIFFERENT   shift, and go to state 111

    OU          [reduce using rule 40 (expr_bool)]
    ET          [reduce using rule 40 (expr_bool)]
    GRANDEGALE  [reduce using rule 40 (expr_bool)]
    PETITEGALE  [reduce using rule 40 (expr_bool)]
    DIFFERENT   [reduce using rule 40 (expr_bool)]
    $default    reduce using rule 40 (expr_bool)

    bool_op  go to state 112


state 137

   36 structure_controle: REPEAT ACCOUVRE expr_bool ACCFERME ACCOUVRE . suite_description ACCFERME

    DOLLAR  shift, and go to state 25
    FOR     shift, and go to state 26
    WHILE   shift, and go to state 27
    REPEAT  shift, and go to state 28
    IF      shift, and go to state 29
    EIF     shift, and go to state 30

    suite_description   go to state 150
    structure_controle  go to state 32


state 138

   37 structure_controle: IF ACCOUVRE expr_bool ACCFERME ACCOUVRE . suite_description ACCFERME

    DOLLAR  shift, and go to state 25
    FOR     shift, and go to state 26
    WHILE   shift, and go to state 27
    REPEAT  shift, and go to state 28
    IF      shift, and go to state 29
    EIF     shift, and go to state 30

    suite_description   go to state 151
    structure_controle  go to state 32


state 139

   38 structure_controle: EIF ACCOUVRE expr_bool ACCFERME ACCOUVRE . suite_description ACCFERME

    DOLLAR  shift, and go to state 25
    FOR     shift, and go to state 26
    WHILE   shift, and go to state 27
    REPEAT  shift, and go to state 28
    IF      shift, and go to state 29
    EIF     shift, and go to state 30

    suite_description   go to state 152
    structure_controle  go to state 32


state 140

    9 inputbis: ACCOUVRE DOLLAR EMPTYSET DOLLAR ACCFERME .

    $default  reduce using rule 9 (inputbis)


state 141

   12 outputbis: ACCOUVRE DOLLAR EMPTYSET DOLLAR . ACCFERME

    ACCFERME  shift, and go to state 153


state 142

   15 globalbis: ACCOUVRE DOLLAR EMPTYSET . DOLLAR ACCFERME

    DOLLAR  shift, and go to state 154


state 143

   18 localbis: ACCOUVRE DOLLAR . EMPTYSET DOLLAR ACCFERME
   19 declaration: ACCOUVRE DOLLAR . suite_declaration DOLLAR ACCFERME

    ACCOUVRE     shift, and go to state 38
    EMPTYSET     shift, and go to state 155
    SCALAIRE     shift, and go to state 9
    IDENTIFIANT  shift, and go to state 10

    $default  reduce using rule 20 (suite_declaration)

    declaration        go to state 40
    suite_declaration  go to state 41
    declaration_val    go to state 13
    declaration_cons   go to state 14


state 144

   53 expression: APPEL ACCOUVRE IDENTIFIANT . PAROUVRE expression PARFERME ACCFERME

    PAROUVRE  shift, and go to state 156


state 145

   56 operand: expression .

    $default  reduce using rule 56 (operand)


state 146

   52 expression: operand . operateur operand
   52           | operand operateur operand .

    PUISS  shift, and go to state 126
    MULT   shift, and go to state 127
    PLUS   shift, and go to state 128
    MOINS  shift, and go to state 129

    PUISS     [reduce using rule 52 (expression)]
    MULT      [reduce using rule 52 (expression)]
    PLUS      [reduce using rule 52 (expression)]
    MOINS     [reduce using rule 52 (expression)]
    $default  reduce using rule 52 (expression)

    operateur  go to state 130


state 147

   39 affectation: IDENTIFIANT LEFTARROW valeur .

    $default  reduce using rule 39 (affectation)


state 148

   35 structure_controle: FOR ACCOUVRE DOLLAR affectation KWTO DOLLAR . ENTIER DOLLAR ACCFERME ACCOUVRE suite_description ACCFERME

    ENTIER  shift, and go to state 157


state 149

   34 structure_controle: WHILE ACCOUVRE expr_bool ACCFERME ACCOUVRE suite_description . ACCFERME

    ACCFERME  shift, and go to state 158


state 150

   36 structure_controle: REPEAT ACCOUVRE expr_bool ACCFERME ACCOUVRE suite_description . ACCFERME

    ACCFERME  shift, and go to state 159


state 151

   37 structure_controle: IF ACCOUVRE expr_bool ACCFERME ACCOUVRE suite_description . ACCFERME

    ACCFERME  shift, and go to state 160


state 152

   38 structure_controle: EIF ACCOUVRE expr_bool ACCFERME ACCOUVRE suite_description . ACCFERME

    ACCFERME  shift, and go to state 161


state 153

   12 outputbis: ACCOUVRE DOLLAR EMPTYSET DOLLAR ACCFERME .

    $default  reduce using rule 12 (outputbis)


state 154

   15 globalbis: ACCOUVRE DOLLAR EMPTYSET DOLLAR . ACCFERME

    ACCFERME  shift, and go to state 162


state 155

   18 localbis: ACCOUVRE DOLLAR EMPTYSET . DOLLAR ACCFERME

    DOLLAR  shift, and go to state 163


state 156

   53 expression: APPEL ACCOUVRE IDENTIFIANT PAROUVRE . expression PARFERME ACCFERME

    BOOL         shift, and go to state 45
    FLOAT        shift, and go to state 46
    ENTIER       shift, and go to state 47
    IDENTIFIANT  shift, and go to state 97
    APPEL        shift, and go to state 98

    expression  go to state 164
    operand     go to state 100
    valeur      go to state 101


state 157

   35 structure_controle: FOR ACCOUVRE DOLLAR affectation KWTO DOLLAR ENTIER . DOLLAR ACCFERME ACCOUVRE suite_description ACCFERME

    DOLLAR  shift, and go to state 165


state 158

   34 structure_controle: WHILE ACCOUVRE expr_bool ACCFERME ACCOUVRE suite_description ACCFERME .

    $default  reduce using rule 34 (structure_controle)


state 159

   36 structure_controle: REPEAT ACCOUVRE expr_bool ACCFERME ACCOUVRE suite_description ACCFERME .

    $default  reduce using rule 36 (structure_controle)


state 160

   37 structure_controle: IF ACCOUVRE expr_bool ACCFERME ACCOUVRE suite_description ACCFERME .

    $default  reduce using rule 37 (structure_controle)


state 161

   38 structure_controle: EIF ACCOUVRE expr_bool ACCFERME ACCOUVRE suite_description ACCFERME .

    $default  reduce using rule 38 (structure_controle)


state 162

   15 globalbis: ACCOUVRE DOLLAR EMPTYSET DOLLAR ACCFERME .

    $default  reduce using rule 15 (globalbis)


state 163

   18 localbis: ACCOUVRE DOLLAR EMPTYSET DOLLAR . ACCFERME

    ACCFERME  shift, and go to state 166


state 164

   53 expression: APPEL ACCOUVRE IDENTIFIANT PAROUVRE expression . PARFERME ACCFERME
   56 operand: expression .

    PARFERME  shift, and go to state 167

    $default  reduce using rule 56 (operand)


state 165

   35 structure_controle: FOR ACCOUVRE DOLLAR affectation KWTO DOLLAR ENTIER DOLLAR . ACCFERME ACCOUVRE suite_description ACCFERME

    ACCFERME  shift, and go to state 168


state 166

   18 localbis: ACCOUVRE DOLLAR EMPTYSET DOLLAR ACCFERME .

    $default  reduce using rule 18 (localbis)


state 167

   53 expression: APPEL ACCOUVRE IDENTIFIANT PAROUVRE expression PARFERME . ACCFERME

    ACCFERME  shift, and go to state 169


state 168

   35 structure_controle: FOR ACCOUVRE DOLLAR affectation KWTO DOLLAR ENTIER DOLLAR ACCFERME . ACCOUVRE suite_description ACCFERME

    ACCOUVRE  shift, and go to state 170


state 169

   53 expression: APPEL ACCOUVRE IDENTIFIANT PAROUVRE expression PARFERME ACCFERME .

    $default  reduce using rule 53 (expression)


state 170

   35 structure_controle: FOR ACCOUVRE DOLLAR affectation KWTO DOLLAR ENTIER DOLLAR ACCFERME ACCOUVRE . suite_description ACCFERME

    DOLLAR  shift, and go to state 25
    FOR     shift, and go to state 26
    WHILE   shift, and go to state 27
    REPEAT  shift, and go to state 28
    IF      shift, and go to state 29
    EIF     shift, and go to state 30

    suite_description   go to state 171
    structure_controle  go to state 32


state 171

   35 structure_controle: FOR ACCOUVRE DOLLAR affectation KWTO DOLLAR ENTIER DOLLAR ACCFERME ACCOUVRE suite_description . ACCFERME

    ACCFERME  shift, and go to state 172


state 172

   35 structure_controle: FOR ACCOUVRE DOLLAR affectation KWTO DOLLAR ENTIER DOLLAR ACCFERME ACCOUVRE suite_description ACCFERME .

    $default  reduce using rule 35 (structure_controle)
